Model: FirstRobotFinal_Blue
Enum Declaration: enabled
Reset Rotation Before Bake: disabled
Reset Position Before Bake: disabled
Reset Scale Before Bake: disabled
Ignore Bone Meshes: disabled
Bone Adjust: disabled

Post Domain Reload: enabledShader: AnimationCooker/VtxAnimSimpleLit
SKIN [0], Root Bone: Bone
   24fps, 1024x1024, 16777KB
     0 Rest : 1,6667s 40f [0..39]
     1 Move : 1,6667s 40f [40..79]
     2 Attack : 1,4167s 34f [80..113]
     3 Recharge : 1,6667s 40f [114..153]
     4 Death_1 : 1,6667s 40f [154..193]
     5 Death : 1,1667s 28f [194..221]
     6 Action_Recharge : 2,5s 60f [222..281]
   Frame Count> Expected: 282, Actual: 282
   Point Count> Expected: 605914, Actual: 605914
   Fill ratio: 57,8125%.
   7 clips, 24fps, 11,75s, 282f
Started: 5/18/2024 9:50:03 PM
Output files were saved to: Assets/ExampleScene/Baked\FirstRobotFinal_Blue
Animation database was saved to: Assets/ExampleScene/Scripts/Generated/AnimDb.cs
Completed in 43,3399 seconds.